<?xml version="1.0" encoding="UTF-8"?>
<!-- Generated by org.testng.reporters.JUnitXMLReporter -->
<testsuite ignored="2" hostname="Isas-MacBook-Pro.local" failures="0" tests="1" name="Smoke Test" time="23.726" errors="0" timestamp="2023-02-06T19:28:35 EST">
  <testcase classname="com.neotech.testcases.LoginTests" name="validLogin" time="8.797"/>
  <testcase classname="com.neotech.testcases.LoginTests" name="emptyPasswordLogin" time="0.0">
    <ignored/>
  </testcase> <!-- emptyPasswordLogin -->
  <testcase classname="com.neotech.testcases.LoginTests" name="invalidPasswordLogin" time="0.0">
    <ignored/>
  </testcase> <!-- invalidPasswordLogin -->
</testsuite> <!-- Smoke Test -->
