<?xml version="1.0" encoding="UTF-8"?>
<!-- Generated by org.testng.reporters.JUnitXMLReporter -->
<testsuite ignored="3" hostname="Isas-MacBook-Pro.local" failures="0" tests="3" name="Regression Test" time="34.078" errors="0" timestamp="2023-02-09T20:03:56 EST">
  <testcase classname="com.neotech.testcases.LoginTests" name="emptyPasswordLogin" time="2.646"/>
  <testcase classname="com.neotech.testcases.LoginTests" name="invalidPasswordLogin" time="5.064"/>
  <testcase classname="com.neotech.testcases.LoginTests" name="validLogin" time="6.912"/>
  <testcase classname="com.neotech.testbase.BaseClass" name="@AfterTest writeReport" time="0.0">
    <ignored/>
  </testcase> <!-- @AfterTest writeReport -->
  <testcase classname="com.neotech.testbase.BaseClass" name="@BeforeTest generateReport" time="0.0">
    <ignored/>
  </testcase> <!-- @BeforeTest generateReport -->
  <testcase classname="com.neotech.testcases.AddEmployeeTest" name="addEmployee" time="0.0">
    <ignored/>
  </testcase> <!-- addEmployee -->
</testsuite> <!-- Regression Test -->
