<?xml version="1.0" encoding="UTF-8"?>
<!-- Generated by org.testng.reporters.JUnitXMLReporter -->
<testsuite ignored="0" hostname="Isas-MacBook-Pro.local" failures="1" tests="3" name="Regression Test" time="38.519" errors="0" timestamp="2023-02-08T17:39:35 EST">
  <testcase classname="com.neotech.testcases.LoginTests" name="emptyPasswordLogin" time="2.654"/>
  <testcase classname="com.neotech.testcases.LoginTests" name="invalidPasswordLogin" time="5.082">
    <failure type="java.lang.AssertionError" message="Error message does NOT match! expected [Invalid Credentials - bla bla bla] but found [Invalid Credentials]">
      <![CDATA[java.lang.AssertionError: Error message does NOT match! expected [Invalid Credentials - bla bla bla] but found [Invalid Credentials]
at com.neotech.testcases.LoginTests.invalidPasswordLogin(LoginTests.java:72)
at java.base/java.util.ArrayList.forEach(ArrayList.java:1511)
... Removed 30 stack frames]]>
    </failure>
  </testcase> <!-- invalidPasswordLogin -->
  <testcase classname="com.neotech.testcases.LoginTests" name="validLogin" time="6.557"/>
</testsuite> <!-- Regression Test -->
