<?xml version="1.0" encoding="UTF-8"?>
<!-- Generated by org.testng.reporters.JUnitXMLReporter -->
<testsuite ignored="0" hostname="Isas-MacBook-Pro.local" failures="1" tests="1" name="addEmp Test" time="1.425" errors="0" timestamp="2023-02-09T14:06:43 EST">
  <testcase classname="com.neotech.testcases.AddEmployeeTest" name="addEmployee" time="0.812">
    <failure type="org.testng.internal.reflect.MethodMatcherException" message="
[public static void com.neotech.testcases.AddEmployeeTest.addEmployee(java.lang.String,java.lang.String,java.lang.String,java.lang.String,java.lang.String,java.lang.String,java.lang.String)] has no parameters defined but was found to be using a data provider (either explicitly specified or inherited from class level annotation).
Data provider mismatch
Method: addEmployee([java.lang.String arg0, java.lang.String arg1, java.lang.String arg2, java.lang.String arg3, java.lang.String arg4, java.lang.String arg5, java.lang.String arg6])
Arguments: [(java.lang.String) John,(java.lang.String) Smith,(java.lang.String) Texas R&amp;amp;D,(java.lang.String) john2022,(java.lang.String) Secret@123,(java.lang.String) Global Admin,(java.lang.String) ,(java.lang.String) ]">
      <![CDATA[org.testng.internal.reflect.MethodMatcherException: 
[public static void com.neotech.testcases.AddEmployeeTest.addEmployee(java.lang.String,java.lang.String,java.lang.String,java.lang.String,java.lang.String,java.lang.String,java.lang.String)] has no parameters defined but was found to be using a data provider (either explicitly specified or inherited from class level annotation).
Data provider mismatch
Method: addEmployee([java.lang.String arg0, java.lang.String arg1, java.lang.String arg2, java.lang.String arg3, java.lang.String arg4, java.lang.String arg5, java.lang.String arg6])
Arguments: [(java.lang.String) John,(java.lang.String) Smith,(java.lang.String) Texas R&D,(java.lang.String) john2022,(java.lang.String) Secret@123,(java.lang.String) Global Admin,(java.lang.String) ,(java.lang.String) ]
at java.base/java.util.ArrayList.forEach(ArrayList.java:1511)
... Removed 22 stack frames]]>
    </failure>
  </testcase> <!-- addEmployee -->
</testsuite> <!-- addEmp Test -->
